#
# There is insufficient memory for the Java Runtime Environment to continue.
# Native memory allocation (mmap) failed to map 266338304 bytes. Error detail: G1 virtual space
# Possible reasons:
#   The system is out of physical RAM or swap space
#   This process is running with CompressedOops enabled, and the Java Heap may be blocking the growth of the native heap
# Possible solutions:
#   Reduce memory load on the system
#   Increase physical memory or swap space
#   Check if swap backing store is full
#   Decrease Java heap size (-Xmx/-Xms)
#   Decrease number of Java threads
#   Decrease Java thread stack sizes (-Xss)
#   Set larger code cache with -XX:ReservedCodeCacheSize=
#   JVM is running with Zero Based Compressed Oops mode in which the Java heap is
#     placed in the first 32GB address space. The Java Heap base address is the
#     maximum limit for the native heap growth. Please use -XX:HeapBaseMinAddress
#     to set the Java Heap base and to place the Java Heap above 32GB virtual address.
# This output file may be truncated or incomplete.
#
#  Out of Memory Error (os_windows.cpp:3603), pid=61496, tid=66856
#
# JRE version:  (21.0.3+9) (build )
# Java VM: OpenJDK 64-Bit Server VM (21.0.3+9-LTS, mixed mode, emulated-client, sharing, tiered, compressed oops, compressed class ptrs, g1 gc, windows-amd64)
# No core dump will be written. Minidumps are not enabled by default on client versions of Windows
#

---------------  S U M M A R Y ------------

Command Line: -XX:TieredStopAtLevel=1 -Dspring.output.ansi.enabled=always -Dcom.sun.management.jmxremote -Dspring.jmx.enabled=true -Dspring.liveBeansView.mbeanDomain -Dspring.application.admin.enabled=true -Dmanagement.endpoints.jmx.exposure.include=* -javaagent:J:\IntelliJ IDEA 2024.1.4\lib\idea_rt.jar=53042:J:\IntelliJ IDEA 2024.1.4\bin -Dfile.encoding=UTF-8 -Dsun.stdout.encoding=UTF-8 -Dsun.stderr.encoding=UTF-8 com.example.demo.Demo1Application

Host: Intel(R) Core(TM) i5-9400 CPU @ 2.90GHz, 6 cores, 15G,  Windows 10 , 64 bit Build 19041 (10.0.19041.3636)
Time: Thu Jun 27 15:38:53 2024 SE Asia Standard Time elapsed time: 0.024064 seconds (0d 0h 0m 0s)

---------------  T H R E A D  ---------------

Current thread (0x000002b07c8d4c80):  JavaThread "Unknown thread" [_thread_in_vm, id=66856, stack(0x000000c6a4e00000,0x000000c6a4f00000) (1024K)]

Stack: [0x000000c6a4e00000,0x000000c6a4f00000]
Native frames: (J=compiled Java code, j=interpreted, Vv=VM code, C=native code)
V  [jvm.dll+0x6d4fa9]
V  [jvm.dll+0x8b01c3]
V  [jvm.dll+0x8b251e]
V  [jvm.dll+0x8b2c03]
V  [jvm.dll+0x284fb6]
V  [jvm.dll+0x6d1775]
V  [jvm.dll+0x6c5eaa]
V  [jvm.dll+0x35bd0b]
V  [jvm.dll+0x3638b6]
V  [jvm.dll+0x3b4e46]
V  [jvm.dll+0x3b5118]
V  [jvm.dll+0x32f44c]
V  [jvm.dll+0x33013b]
V  [jvm.dll+0x8782b9]
V  [jvm.dll+0x3c2211]
V  [jvm.dll+0x8616e8]
V  [jvm.dll+0x45648e]
V  [jvm.dll+0x458001]
C  [jli.dll+0x52ab]
C  [ucrtbase.dll+0x21bb2]
C  [KERNEL32.DLL+0x17344]
C  [ntdll.dll+0x526b1]


---------------  P R O C E S S  ---------------

Threads class SMR info:
_java_thread_list=0x00007ffe30f8d008, length=0, elements={
}

Java Threads: ( => current thread )
Total: 0

Other Threads:
  0x000002b07cac84f0 WorkerThread "GC Thread#0"                     [id=22012, stack(0x000000c6a4f00000,0x000000c6a5000000) (1024K)]
  0x000002b07cad9310 ConcurrentGCThread "G1 Main Marker"            [id=60824, stack(0x000000c6a5000000,0x000000c6a5100000) (1024K)]
  0x000002b07cada4c0 WorkerThread "G1 Conc#0"                       [id=59960, stack(0x000000c6a5100000,0x000000c6a5200000) (1024K)]

[error occurred during error reporting (printing all threads), id 0xc0000005, EXCEPTION_ACCESS_VIOLATION (0xc0000005) at pc=0x00007ffe306925a7]
VM state: not at safepoint (not fully initialized)

VM Mutex/Monitor currently owned by a thread:  ([mutex/lock_event])
[0x00007ffe310011c8] Heap_lock - owner thread: 0x000002b07c8d4c80

Heap address: 0x0000000702800000, size: 4056 MB, Compressed Oops mode: Zero based, Oop shift amount: 3

CDS archive(s) mapped at: [0x0000000000000000-0x0000000000000000-0x0000000000000000), size 0, SharedBaseAddress: 0x0000000800000000, ArchiveRelocationMode: 1.
Narrow klass base: 0x0000000000000000, Narrow klass shift: 0, Narrow klass range: 0x0

GC Precious Log:
 CardTable entry size: 512
 Card Set container configuration: InlinePtr #cards 4 size 8 Array Of Cards #cards 16 size 48 Howl #buckets 8 coarsen threshold 3686 Howl Bitmap #cards 512 size 80 coarsen threshold 460 Card regions per heap region 1 cards per card region 4096

Heap:
 garbage-first heap   total 0K, used 0K [0x0000000702800000, 0x0000000800000000)
  region size 2048K, 0 young (0K), 0 survivors (0K)

[error occurred during error reporting (printing heap information), id 0xc0000005, EXCEPTION_ACCESS_VIOLATION (0xc0000005) at pc=0x00007ffe30a7e919]
GC Heap History (0 events):
No events

Dll operation events (1 events):
Event: 0.018 Loaded shared library C:\Users\quynp5.FSOFT.FPT.VN\.jdks\corretto-21.0.3\bin\java.dll

Deoptimization events (0 events):
No events

Classes loaded (0 events):
No events

Classes unloaded (0 events):
No events

Classes redefined (0 events):
No events

Internal exceptions (0 events):
No events

ZGC Phase Switch (0 events):
No events

VM Operations (0 events):
No events

Events (0 events):
No events


Dynamic libraries:
0x00007ff6d20f0000 - 0x00007ff6d20fe000 	C:\Users\quynp5.FSOFT.FPT.VN\.jdks\corretto-21.0.3\bin\java.exe
0x00007ffe9b630000 - 0x00007ffe9b828000 	C:\Windows\SYSTEM32\ntdll.dll
0x00007ffe9a400000 - 0x00007ffe9a4bd000 	C:\Windows\System32\KERNEL32.DLL
0x00007ffe99020000 - 0x00007ffe99316000 	C:\Windows\System32\KERNELBASE.dll
0x00007ffe99320000 - 0x00007ffe99420000 	C:\Windows\System32\ucrtbase.dll
0x00007ffe656f0000 - 0x00007ffe65708000 	C:\Users\quynp5.FSOFT.FPT.VN\.jdks\corretto-21.0.3\bin\jli.dll
0x00007ffe9b230000 - 0x00007ffe9b3ce000 	C:\Windows\System32\USER32.dll
0x00007ffe98ff0000 - 0x00007ffe99012000 	C:\Windows\System32\win32u.dll
0x00007ffe999d0000 - 0x00007ffe999fb000 	C:\Windows\System32\GDI32.dll
0x00007ffe98e50000 - 0x00007ffe98f67000 	C:\Windows\System32\gdi32full.dll
0x00007ffe99560000 - 0x00007ffe995fd000 	C:\Windows\System32\msvcp_win.dll
0x00007ffe65710000 - 0x00007ffe6572b000 	C:\Users\quynp5.FSOFT.FPT.VN\.jdks\corretto-21.0.3\bin\VCRUNTIME140.dll
0x00007ffe6b6c0000 - 0x00007ffe6b95a000 	C:\Windows\WinSxS\amd64_microsoft.windows.common-controls_6595b64144ccf1df_6.0.19041.3636_none_60b6a03d71f818d5\COMCTL32.dll
0x00007ffe9a240000 - 0x00007ffe9a2de000 	C:\Windows\System32\msvcrt.dll
0x00007ffe9aa40000 - 0x00007ffe9aa72000 	C:\Windows\System32\IMM32.DLL
0x00007ffe6d6f0000 - 0x00007ffe6d6fc000 	C:\Users\quynp5.FSOFT.FPT.VN\.jdks\corretto-21.0.3\bin\vcruntime140_1.dll
0x00007ffe4ccf0000 - 0x00007ffe4cd7d000 	C:\Users\quynp5.FSOFT.FPT.VN\.jdks\corretto-21.0.3\bin\msvcp140.dll
0x00007ffe30350000 - 0x00007ffe310e1000 	C:\Users\quynp5.FSOFT.FPT.VN\.jdks\corretto-21.0.3\bin\server\jvm.dll
0x00007ffe9b530000 - 0x00007ffe9b5e3000 	C:\Windows\System32\ADVAPI32.dll
0x00007ffe9a4c0000 - 0x00007ffe9a55f000 	C:\Windows\System32\sechost.dll
0x00007ffe9a910000 - 0x00007ffe9aa36000 	C:\Windows\System32\RPCRT4.dll
0x00007ffe98fc0000 - 0x00007ffe98fe7000 	C:\Windows\System32\bcrypt.dll
0x00007ffe9aca0000 - 0x00007ffe9ad0b000 	C:\Windows\System32\WS2_32.dll
0x00007ffe98b50000 - 0x00007ffe98b9b000 	C:\Windows\SYSTEM32\POWRPROF.dll
0x00007ffe82f90000 - 0x00007ffe82fb7000 	C:\Windows\SYSTEM32\WINMM.dll
0x00007ffe93670000 - 0x00007ffe9367a000 	C:\Windows\SYSTEM32\VERSION.dll
0x00007ffe98b30000 - 0x00007ffe98b42000 	C:\Windows\SYSTEM32\UMPDC.dll
0x00007ffe968d0000 - 0x00007ffe968e2000 	C:\Windows\SYSTEM32\kernel.appcore.dll
0x00007ffe6b230000 - 0x00007ffe6b23a000 	C:\Users\quynp5.FSOFT.FPT.VN\.jdks\corretto-21.0.3\bin\jimage.dll
0x00007ffe8d700000 - 0x00007ffe8d8e4000 	C:\Windows\SYSTEM32\DBGHELP.DLL
0x00007ffe8d460000 - 0x00007ffe8d494000 	C:\Windows\SYSTEM32\dbgcore.DLL
0x00007ffe994d0000 - 0x00007ffe99552000 	C:\Windows\System32\bcryptPrimitives.dll
0x00007ffe7e2d0000 - 0x00007ffe7e2de000 	C:\Users\quynp5.FSOFT.FPT.VN\.jdks\corretto-21.0.3\bin\instrument.dll
0x00007ffe5d180000 - 0x00007ffe5d19f000 	C:\Users\quynp5.FSOFT.FPT.VN\.jdks\corretto-21.0.3\bin\java.dll

dbghelp: loaded successfully - version: 4.0.5 - missing functions: none
symbol engine: initialized successfully - sym options: 0x614 - pdb path: .;C:\Users\quynp5.FSOFT.FPT.VN\.jdks\corretto-21.0.3\bin;C:\Windows\SYSTEM32;C:\Windows\WinSxS\amd64_microsoft.windows.common-controls_6595b64144ccf1df_6.0.19041.3636_none_60b6a03d71f818d5;C:\Users\quynp5.FSOFT.FPT.VN\.jdks\corretto-21.0.3\bin\server

VM Arguments:
jvm_args: -XX:TieredStopAtLevel=1 -Dspring.output.ansi.enabled=always -Dcom.sun.management.jmxremote -Dspring.jmx.enabled=true -Dspring.liveBeansView.mbeanDomain -Dspring.application.admin.enabled=true -Dmanagement.endpoints.jmx.exposure.include=* -javaagent:J:\IntelliJ IDEA 2024.1.4\lib\idea_rt.jar=53042:J:\IntelliJ IDEA 2024.1.4\bin -Dfile.encoding=UTF-8 -Dsun.stdout.encoding=UTF-8 -Dsun.stderr.encoding=UTF-8 
java_command: com.example.demo.Demo1Application
java_class_path (initial): J:\project ngoai\CHUAN\demo1\target\classes;C:\Users\quynp5.FSOFT.FPT.VN\.m2\repository\org\springframework\boot\spring-boot-starter-web\3.3.1\spring-boot-starter-web-3.3.1.jar;C:\Users\quynp5.FSOFT.FPT.VN\.m2\repository\org\springframework\boot\spring-boot-starter\3.3.1\spring-boot-starter-3.3.1.jar;C:\Users\quynp5.FSOFT.FPT.VN\.m2\repository\org\springframework\boot\spring-boot\3.3.1\spring-boot-3.3.1.jar;C:\Users\quynp5.FSOFT.FPT.VN\.m2\repository\org\springframework\boot\spring-boot-autoconfigure\3.3.1\spring-boot-autoconfigure-3.3.1.jar;C:\Users\quynp5.FSOFT.FPT.VN\.m2\repository\org\springframework\boot\spring-boot-starter-logging\3.3.1\spring-boot-starter-logging-3.3.1.jar;C:\Users\quynp5.FSOFT.FPT.VN\.m2\repository\ch\qos\logback\logback-classic\1.5.6\logback-classic-1.5.6.jar;C:\Users\quynp5.FSOFT.FPT.VN\.m2\repository\ch\qos\logback\logback-core\1.5.6\logback-core-1.5.6.jar;C:\Users\quynp5.FSOFT.FPT.VN\.m2\repository\org\apache\logging\log4j\log4j-to-slf4j\2.23.1\log4j-to-slf4j-2.23.1.jar;C:\Users\quynp5.FSOFT.FPT.VN\.m2\repository\org\apache\logging\log4j\log4j-api\2.23.1\log4j-api-2.23.1.jar;C:\Users\quynp5.FSOFT.FPT.VN\.m2\repository\org\slf4j\jul-to-slf4j\2.0.13\jul-to-slf4j-2.0.13.jar;C:\Users\quynp5.FSOFT.FPT.VN\.m2\repository\jakarta\annotation\jakarta.annotation-api\2.1.1\jakarta.annotation-api-2.1.1.jar;C:\Users\quynp5.FSOFT.FPT.VN\.m2\repository\org\yaml\snakeyaml\2.2\snakeyaml-2.2.jar;C:\Users\quynp5.FSOFT.FPT.VN\.m2\repository\org\springframework\boot\spring-boot-starter-json\3.3.1\spring-boot-starter-json-3.3.1.jar;C:\Users\quynp5.FSOFT.FPT.VN\.m2\repository\com\fasterxml\jackson\core\jackson-databind\2.17.1\jackson-databind-2.17.1.jar;C:\Users\quynp5.FSOFT.FPT.VN\.m2\repository\com\fasterxml\jackson\core\jackson-annotations\2.17.1\jackson-annotations-2.17.1.jar;C:\Users\quynp5.FSOFT.FPT.VN\.m2\repository\com\fasterxml\jackson\core\jackson-core\2.17.1\jackson-core-2.17.1.jar;C:\Users\quynp5.FSOFT.FPT.VN\.m2\repository\com\fasterxml\jackson\datatype\jackson-datatype-jdk8\2.17.1\jackson-datatype-jdk8-2.17.1.jar;C:\Users\quynp5.FSOFT.FPT.VN\.m2\repository\com\fasterxml\jackson\datatype\jackson-datatype-jsr310\2.17.1\jackson-datatype-jsr310-2.17.1.jar;C:\Users\quynp5.FSOFT.FPT.VN\.m2\repository\com\fasterxml\jackson\module\jackson-module-parameter-names\2.17.1\jackson-module-parameter-names-2.17.1.jar;C:\Users\quynp5.FSOFT.FPT.VN\.m2\repository\org\springframework\boot\spring-boot-starter-tomcat\3.3.1\spring-boot-starter-tomcat-3.3.1.jar;C:\Users\quynp5.FSOFT.FPT.VN\.m2\repository\org\apache\tomcat\embed\tomcat-embed-core\10.1.25\tomcat-embed-core-10.1.25.jar;C:\Users\quynp5.FSOFT.FPT.VN\.m2\repository\org\apache\tomcat\embed\tomcat-embed-el\10.1.25\tomcat-embed-el-10.1.25.jar;C:\Users\quynp5.FSOFT.FPT.VN\.m2\repository\org\apache\tomcat\embed\tomcat-embed-websocket\10.1.25\tomcat-embed-websocket-10.1.25.jar;C:\Users\quynp5.FSOFT.FPT.VN\.m2\repository\org\springframework\spring-web\6.1.10\spring-web-6.1.10.jar;C:\Users\quynp5.FSOFT.FPT.VN\.m2\repository\org\springframework\spring-beans\6.1.10\spring-beans-6.1.10.jar;C:\Users\quynp5.FSOFT.FPT.VN\.m2\repository\io\micrometer\micrometer-observation\1.13.1\micrometer-observation-1.13.1.jar;C:\Users\quynp5.FSOFT.FPT.VN\.m2\repository\io\micrometer\micrometer-commons\1.13.1\micrometer-commons-1.13.1.jar;C:\Users\quynp5.FSOFT.FPT.VN\.m2\repository\org\springframework\spring-webmvc\6.1.10\spring-webmvc-6.1.10.jar;C:\Users\quynp5.FSOFT.FPT.VN\.m2\repository\org\springframework\spring-aop\6.1.10\spring-aop-6.1.10.jar;C:\Users\quynp5.FSOFT.FPT.VN\.m2\repository\org\springframework\spring-context\6.1.10\spring-context-6.1.10.jar;C:\Users\quynp5.FSOFT.FPT.VN\.m2\repository\org\springframework\spring-expression\6.1.10\spring-expression-6.1.10.jar;C:\Users\quynp5.FSOFT.FPT.VN\.m2\repository\org\springframework\boot\spring-boot-configuration-processor\3.3.1\spring-boot-configuration-processor-3.3.1.jar;C:\Users\quynp5.FSOFT.FPT.VN\.m2\repository\org\projectlombok\lombok\1.18.32\lombok-1.18.32.jar;C:\Users\quynp5.FSOFT.FPT.VN\.m2\repository\org\slf4j\slf4j-api\2.0.13\slf4j-api-2.0.13.jar;C:\Users\quynp5.FSOFT.FPT.VN\.m2\repository\org\springframework\spring-core\6.1.10\spring-core-6.1.10.jar;C:\Users\quynp5.FSOFT.FPT.VN\.m2\repository\org\springframework\spring-jcl\6.1.10\spring-jcl-6.1.10.jar
Launcher Type: SUN_STANDARD

[Global flags]
     intx CICompilerCount                          = 3                                         {product} {ergonomic}
     uint ConcGCThreads                            = 2                                         {product} {ergonomic}
     uint G1ConcRefinementThreads                  = 6                                         {product} {ergonomic}
   size_t G1HeapRegionSize                         = 2097152                                   {product} {ergonomic}
    uintx GCDrainStackTargetSize                   = 64                                        {product} {ergonomic}
   size_t InitialHeapSize                          = 266338304                                 {product} {ergonomic}
     bool ManagementServer                         = true                                      {product} {command line}
   size_t MarkStackSize                            = 4194304                                   {product} {ergonomic}
   size_t MaxHeapSize                              = 4253024256                                {product} {ergonomic}
   size_t MinHeapDeltaBytes                        = 2097152                                   {product} {ergonomic}
   size_t MinHeapSize                              = 8388608                                   {product} {ergonomic}
    uintx NonNMethodCodeHeapSize                   = 4096                                   {pd product} {ergonomic}
    uintx NonProfiledCodeHeapSize                  = 0                                      {pd product} {ergonomic}
     bool ProfileInterpreter                       = false                                  {pd product} {command line}
    uintx ProfiledCodeHeapSize                     = 0                                      {pd product} {ergonomic}
   size_t SoftMaxHeapSize                          = 4253024256                             {manageable} {ergonomic}
     intx TieredStopAtLevel                        = 1                                         {product} {command line}
     bool UseCompressedOops                        = true                           {product lp64_product} {ergonomic}
     bool UseG1GC                                  = true                                      {product} {ergonomic}
     bool UseLargePagesIndividualAllocation        = false                                  {pd product} {ergonomic}

Logging:
Log output configuration:
 #0: stdout all=warning uptime,level,tags foldmultilines=false
 #1: stderr all=off uptime,level,tags foldmultilines=false

Environment Variables:
JAVA_HOME=C:\Program Files\Java\jdk1.8.0_231
PATH=C:\Program Files (x86)\Common Files\Oracle\Java\javapath;C:\Windows\system32;C:\Windows;C:\Windows\System32\Wbem;C:\Windows\System32\WindowsPowerShell\v1.0\;C:\Windows\System32\OpenSSH\;"C:\Program Files\Java\jdk1.8.0_231\bin;";C:\Program Files\TortoiseGit\bin;C:\Program Files\TortoiseSVN\bin;C:\Program Files (x86)\Bitvise SSH Client;J:\tool\Git\cmd;C:\Program Files\Cloudflare\Cloudflare WARP\;C:\Program Files\nodejs\;C:\Users\quynp5.FSOFT.FPT.VN\AppData\Local\Microsoft\WindowsApps;C:\Users\quynp5.FSOFT.FPT.VN\AppData\Local\Programs\Microsoft VS Code\bin;C:\Users\quynp5.FSOFT.FPT.VN\AppData\Roaming\npm
USERNAME=QuyNP5
OS=Windows_NT
PROCESSOR_IDENTIFIER=Intel64 Family 6 Model 158 Stepping 13, GenuineIntel
TMP=C:\Users\QUYNP5~1.VN\AppData\Local\Temp
TEMP=C:\Users\QUYNP5~1.VN\AppData\Local\Temp




Periodic native trim disabled

---------------  S Y S T E M  ---------------

OS:
 Windows 10 , 64 bit Build 19041 (10.0.19041.3636)
OS uptime: 8 days 19:18 hours

CPU: total 6 (initial active 6) (6 cores per cpu, 1 threads per core) family 6 model 158 stepping 13 microcode 0xca, cx8, cmov, fxsr, mmx, 3dnowpref, sse, sse2, sse3, ssse3, sse4.1, sse4.2, popcnt, lzcnt, tsc, tscinvbit, avx, avx2, aes, erms, clmul, bmi1, bmi2, adx, fma, vzeroupper, clflush, clflushopt, rdtscp, f16c
Processor Information for all 6 processors :
  Max Mhz: 2904, Current Mhz: 2904, Mhz Limit: 2904

Memory: 4k page, system-wide physical 16220M (1425M free)
TotalPageFile size 26147M (AvailPageFile size 159M)
current process WorkingSet (physical memory assigned to process): 10M, peak: 10M
current process commit charge ("private bytes"): 51M, peak: 305M

vm_info: OpenJDK 64-Bit Server VM (21.0.3+9-LTS) for windows-amd64 JRE (21.0.3+9-LTS), built on 2024-04-10T19:10:39Z by "Administrator" with MS VC++ 16.10 / 16.11 (VS2019)

END.
